c:\users\maxim\git_files\projects\sem_2\myself\gems\gems_project_02\x64\release\maxgameengine.pdb
c:\users\maxim\git_files\projects\sem_2\myself\gems\gems_project_02\maxgameengine\x64\release\ctexturefrombmp.obj
c:\users\maxim\git_files\projects\sem_2\myself\gems\gems_project_02\maxgameengine\x64\release\cbasictexturemanager.obj
c:\users\maxim\git_files\projects\sem_2\myself\gems\gems_project_02\maxgameengine\x64\release\c24bitbmppixel.obj
c:\users\maxim\git_files\projects\sem_2\myself\gems\gems_project_02\maxgameengine\x64\release\sphysicsproperties.obj
c:\users\maxim\git_files\projects\sem_2\myself\gems\gems_project_02\maxgameengine\x64\release\smodeldrawinfo.obj
c:\users\maxim\git_files\projects\sem_2\myself\gems\gems_project_02\maxgameengine\x64\release\cvaomanager.obj
c:\users\maxim\git_files\projects\sem_2\myself\gems\gems_project_02\maxgameengine\x64\release\csoftbodythreaded.obj
c:\users\maxim\git_files\projects\sem_2\myself\gems\gems_project_02\maxgameengine\x64\release\csoftbody.obj
c:\users\maxim\git_files\projects\sem_2\myself\gems\gems_project_02\maxgameengine\x64\release\cshadermanager.obj
c:\users\maxim\git_files\projects\sem_2\myself\gems\gems_project_02\maxgameengine\x64\release\cshader.obj
c:\users\maxim\git_files\projects\sem_2\myself\gems\gems_project_02\maxgameengine\x64\release\cphysics.obj
c:\users\maxim\git_files\projects\sem_2\myself\gems\gems_project_02\maxgameengine\x64\release\cmesh.obj
c:\users\maxim\git_files\projects\sem_2\myself\gems\gems_project_02\maxgameengine\x64\release\clightmanager.obj
c:\users\maxim\git_files\projects\sem_2\myself\gems\gems_project_02\maxgameengine\x64\release\clighthelper.obj
c:\users\maxim\git_files\projects\sem_2\myself\gems\gems_project_02\maxgameengine\x64\release\cdebugrender.obj
c:\users\maxim\git_files\projects\sem_2\myself\gems\gems_project_02\maxgameengine\x64\release\ccubemap.obj
c:\users\maxim\git_files\projects\sem_2\myself\gems\gems_project_02\maxgameengine\x64\release\ccontrolgameengine.obj
c:\users\maxim\git_files\projects\sem_2\myself\gems\gems_project_02\maxgameengine\x64\release\caabb.obj
c:\users\maxim\git_files\projects\sem_2\myself\gems\gems_project_02\maxgameengine\x64\release\glad.obj
c:\users\maxim\git_files\projects\sem_2\myself\gems\gems_project_02\x64\release\maxgameengine.lib
c:\users\maxim\git_files\projects\sem_2\myself\gems\gems_project_02\maxgameengine\x64\release\canimationsystem.obj
c:\users\maxim\git_files\projects\sem_2\myself\gems\gems_project_02\maxgameengine\x64\release\cphysics_update.obj
c:\users\maxim\git_files\projects\sem_2\myself\gems\gems_project_02\maxgameengine\x64\release\maxgameengine.tlog\cl.command.1.tlog
c:\users\maxim\git_files\projects\sem_2\myself\gems\gems_project_02\maxgameengine\x64\release\maxgameengine.tlog\cl.items.tlog
c:\users\maxim\git_files\projects\sem_2\myself\gems\gems_project_02\maxgameengine\x64\release\maxgameengine.tlog\cl.read.1.tlog
c:\users\maxim\git_files\projects\sem_2\myself\gems\gems_project_02\maxgameengine\x64\release\maxgameengine.tlog\cl.write.1.tlog
c:\users\maxim\git_files\projects\sem_2\myself\gems\gems_project_02\maxgameengine\x64\release\maxgameengine.tlog\lib-link.read.1.tlog
c:\users\maxim\git_files\projects\sem_2\myself\gems\gems_project_02\maxgameengine\x64\release\maxgameengine.tlog\lib-link.write.1.tlog
c:\users\maxim\git_files\projects\sem_2\myself\gems\gems_project_02\maxgameengine\x64\release\maxgameengine.tlog\lib.command.1.tlog
