  pch.cpp
  GameWorldIdea.cpp
C:\Program Files (x86)\Windows Kits\10\Include\10.0.22621.0\shared\minwindef.h(130,1): warning C4005: 'APIENTRY': macro redefinition
C:\Users\maxim\Git_Files\Engines\Sem_2\Final_Engine\Extern\include\glad\glad.h(32,1): message : see previous definition of 'APIENTRY'
C:\Users\maxim\Git_Files\Engines\Sem_2\Final_Engine\Game_Scene\GameWorldIdea.cpp(209,31): warning C4018: '<=': signed/unsigned mismatch
  InputControl.cpp
C:\Program Files (x86)\Windows Kits\10\Include\10.0.22621.0\shared\minwindef.h(130,1): warning C4005: 'APIENTRY': macro redefinition
C:\Users\maxim\Git_Files\Engines\Sem_2\Final_Engine\Extern\include\glad\glad.h(32,1): message : see previous definition of 'APIENTRY'
C:\Users\maxim\Git_Files\Engines\Sem_2\Final_Engine\Game_Scene\InputControl.cpp(496,48): warning C4244: '=': conversion from 'double' to 'float', possible loss of data
C:\Users\maxim\Git_Files\Engines\Sem_2\Final_Engine\Game_Scene\InputControl.cpp(497,48): warning C4244: '=': conversion from 'double' to 'float', possible loss of data
C:\Users\maxim\Git_Files\Engines\Sem_2\Final_Engine\Game_Scene\InputControl.cpp(503,28): warning C4244: '=': conversion from 'double' to 'float', possible loss of data
C:\Users\maxim\Git_Files\Engines\Sem_2\Final_Engine\Game_Scene\InputControl.cpp(504,52): warning C4244: '=': conversion from 'double' to 'float', possible loss of data
C:\Users\maxim\Git_Files\Engines\Sem_2\Final_Engine\Game_Scene\InputControl.cpp(536,44): warning C4244: '=': conversion from 'double' to 'float', possible loss of data
C:\Users\maxim\Git_Files\Engines\Sem_2\Final_Engine\Game_Scene\InputControl.cpp(537,44): warning C4244: '=': conversion from 'double' to 'float', possible loss of data
C:\Users\maxim\Git_Files\Engines\Sem_2\Final_Engine\Game_Scene\InputControl.cpp(556,83): warning C4244: '+=': conversion from 'double' to 'float', possible loss of data
C:\Users\maxim\Git_Files\Engines\Sem_2\Final_Engine\Game_Scene\InputControl.cpp(557,50): warning C4244: '+=': conversion from 'double' to 'float', possible loss of data
C:\Users\maxim\Git_Files\Engines\Sem_2\Final_Engine\Game_Scene\InputControl.cpp(591,46): warning C4244: '-=': conversion from 'double' to 'float', possible loss of data
  cHiResTimer.cpp
  cJsonReader.cpp
  cJsonWriter.cpp
C:\Program Files (x86)\Windows Kits\10\Include\10.0.22621.0\shared\minwindef.h(130,1): warning C4005: 'APIENTRY': macro redefinition
C:\Users\maxim\Git_Files\Engines\Sem_2\Final_Engine\Extern\include\glad\glad.h(32,1): message : see previous definition of 'APIENTRY'
  main.cpp
C:\Program Files (x86)\Windows Kits\10\Include\10.0.22621.0\shared\minwindef.h(130,1): warning C4005: 'APIENTRY': macro redefinition
C:\Users\maxim\Git_Files\Engines\Sem_2\Final_Engine\Extern\include\glad\glad.h(32,1): message : see previous definition of 'APIENTRY'
C:\Users\maxim\Git_Files\Engines\Sem_2\Final_Engine\Game_Scene\main.cpp(234,78): warning C4305: 'argument': truncation from 'double' to 'float'
  sPlayerAttributes.cpp
C:\Program Files (x86)\Windows Kits\10\Include\10.0.22621.0\shared\minwindef.h(130,1): warning C4005: 'APIENTRY': macro redefinition
C:\Users\maxim\Git_Files\Engines\Sem_2\Final_Engine\Extern\include\glad\glad.h(32,1): message : see previous definition of 'APIENTRY'
  Generating Code...
LINK : warning LNK4098: defaultlib 'MSVCRT' conflicts with use of other libs; use /NODEFAULTLIB:library
  Game_Scene.vcxproj -> C:\Users\maxim\Git_Files\Engines\Sem_2\Final_Engine\x64\Debug\Game_Scene.exe
